Added Component: Designator=U9(STM32F4DISCOVERY)
Added Pin To Net: NetName=GND Pin=U9-P1.1
Added Pin To Net: NetName=GND Pin=U9-P1.1
Added Pin To Net: NetName=GND Pin=U9-P1.2
Added Pin To Net: NetName=GND Pin=U9-P1.2
Added Pin To Net: NetName=3V3DISC Pin=U9-P1.4
Added Pin To Net: NetName=3V3DISC Pin=U9-P1.4
Added Pin To Net: NetName=GND Pin=U9-P1.5
Added Pin To Net: NetName=GND Pin=U9-P1.5
Added Pin To Net: NetName=I2S2_SD Pin=U9-P1.9
Added Pin To Net: NetName=I2S2_SD Pin=U9-P1.9
Added Pin To Net: NetName=SPI1_SCK Pin=U9-P1.15
Added Pin To Net: NetName=SPI1_SCK Pin=U9-P1.15
Added Pin To Net: NetName=I2S3_WS Pin=U9-P1.16
Added Pin To Net: NetName=I2S3_WS Pin=U9-P1.16
Added Pin To Net: NetName=SPI1_MOSI Pin=U9-P1.17
Added Pin To Net: NetName=SPI1_MOSI Pin=U9-P1.17
Added Pin To Net: NetName=SPI1_MISO Pin=U9-P1.18
Added Pin To Net: NetName=SPI1_MISO Pin=U9-P1.18
Added Pin To Net: NetName=DGND Pin=U9-P1.23
Added Pin To Net: NetName=DGND Pin=U9-P1.23
Added Pin To Net: NetName=DGND Pin=U9-P1.49
Added Pin To Net: NetName=DGND Pin=U9-P1.49
Added Pin To Net: NetName=DGND Pin=U9-P1.50
Added Pin To Net: NetName=DGND Pin=U9-P1.50
Added Pin To Net: NetName=DGND Pin=U9-P2.1
Added Pin To Net: NetName=DGND Pin=U9-P2.1
Added Pin To Net: NetName=DGND Pin=U9-P2.2
Added Pin To Net: NetName=DGND Pin=U9-P2.2
Added Pin To Net: NetName=5V_EXT Pin=U9-P2.3
Added Pin To Net: NetName=5V_EXT Pin=U9-P2.3
Added Pin To Net: NetName=5V_EXT Pin=U9-P2.4
Added Pin To Net: NetName=5V_EXT Pin=U9-P2.4
Added Pin To Net: NetName=PDN Pin=U9-P2.23
Added Pin To Net: NetName=PDN Pin=U9-P2.23
Added Pin To Net: NetName=DIF Pin=U9-P2.25
Added Pin To Net: NetName=DIF Pin=U9-P2.25
Added Pin To Net: NetName=CKS1 Pin=U9-P2.27
Added Pin To Net: NetName=CKS1 Pin=U9-P2.27
Added Pin To Net: NetName=CKS0 Pin=U9-P2.29
Added Pin To Net: NetName=CKS0 Pin=U9-P2.29
Added Pin To Net: NetName=I2S3_SD Pin=U9-P2.35
Added Pin To Net: NetName=I2S3_SD Pin=U9-P2.35
Added Pin To Net: NetName=I2S3_CK Pin=U9-P2.37
Added Pin To Net: NetName=I2S3_CK Pin=U9-P2.37
Added Pin To Net: NetName=I2S3_EXT_SD Pin=U9-P2.38
Added Pin To Net: NetName=I2S3_EXT_SD Pin=U9-P2.38
Added Pin To Net: NetName=I2S3_MCK Pin=U9-P2.48
Added Pin To Net: NetName=I2S3_MCK Pin=U9-P2.48
Added Pin To Net: NetName=DGND Pin=U9-P2.49
Added Pin To Net: NetName=DGND Pin=U9-P2.49
Added Pin To Net: NetName=DGND Pin=U9-P2.50
Added Pin To Net: NetName=DGND Pin=U9-P2.50
Added Member To Class: ClassName=Discovery y AK4621 Member=Component U9 STM32F4Discovery
