Added Component: Designator=C1(TAJ_CodeC)
Added Component: Designator=C2(TAJ_CodeC)
Added Component: Designator=C3(CAPAEL_6.3x5.3_SMD)
Added Component: Designator=C4(CAPAEL_8x10_SMD)
Added Component: Designator=C5(Capael_10x16 RAD)
Added Component: Designator=C6(TAJ_CodeC)
Added Component: Designator=C7(C_0603)
Added Component: Designator=C8(C_0603)
Added Component: Designator=C9(TAJ_CodeC)
Added Component: Designator=C10(Capael_10x16 RAD)
Added Component: Designator=C11(TAJ_CodeC)
Added Component: Designator=C12(TAJ_CodeC)
Added Component: Designator=C13(C_0603)
Added Component: Designator=C14(C_0603)
Added Component: Designator=C15(TAJ_CodeD)
Added Component: Designator=C16(TAJ_CodeD)
Added Component: Designator=C17(C_0603)
Added Component: Designator=C18(TAJ_CodeD)
Added Component: Designator=C19(TAJ_CodeC)
Added Component: Designator=C20(C_0603)
Added Component: Designator=C21(C_0603)
Added Component: Designator=C22(C_0603)
Added Component: Designator=C23(C_0603)
Added Component: Designator=C24(TAJ_CodeC)
Added Component: Designator=C25(TAJ_CodeD)
Added Component: Designator=C26(C_0603)
Added Component: Designator=C27(TAJ_CodeC)
Added Component: Designator=C28(C_0603)
Added Component: Designator=C29(TAJ_CodeD)
Added Component: Designator=C30(TAJ_CodeC)
Added Component: Designator=C31(C_0603)
Added Component: Designator=C32(C_0603)
Added Component: Designator=C33(C_0603)
Added Component: Designator=C34(C_0603)
Added Component: Designator=C35(TAJ_CodeC)
Added Component: Designator=C36(TAJ_CodeD)
Added Component: Designator=C37(C_0603)
Added Component: Designator=C38(TAJ_CodeC)
Added Component: Designator=C39(C_0805)
Added Component: Designator=C40(TAJ_CodeD)
Added Component: Designator=C41(C_0805)
Added Component: Designator=C42(TAJ_CodeD)
Added Component: Designator=C43(C_0805)
Added Component: Designator=C44(C_0603)
Added Component: Designator=C45(C_0603)
Added Component: Designator=C46(C_0805)
Added Component: Designator=C47(C_0603)
Added Component: Designator=C48(C_0603)
Added Component: Designator=C49(C_0603)
Added Component: Designator=C50(C_0805)
Added Component: Designator=C51(TAJ_CodeD)
Added Component: Designator=C52(TAJ_CodeC)
Added Component: Designator=C53(C_0805)
Added Component: Designator=C54(TAJ_CodeD)
Added Component: Designator=C55(C_0603)
Added Component: Designator=C56(C_0603)
Added Component: Designator=C57(C_0603)
Added Component: Designator=C58(C_0805)
Added Component: Designator=C59(C_0805)
Added Component: Designator=C60(C_0603)
Added Component: Designator=C61(TAJ_CodeC)
Added Component: Designator=C62(C_0603)
Added Component: Designator=C63(C_0805)
Added Component: Designator=C64(TAJ_CodeD)
Added Component: Designator=C65(C_0805)
Added Component: Designator=C66(TAJ_CodeD)
Added Component: Designator=C67(C_0805)
Added Component: Designator=C68(C_0603)
Added Component: Designator=C69(C_0603)
Added Component: Designator=C70(C_0805)
Added Component: Designator=C71(C_0603)
Added Component: Designator=C72(C_0603)
Added Component: Designator=C73(C_0603)
Added Component: Designator=C74(C_0805)
Added Component: Designator=C75(TAJ_CodeD)
Added Component: Designator=C76(TAJ_CodeC)
Added Component: Designator=C77(C_0805)
Added Component: Designator=C78(TAJ_CodeD)
Added Component: Designator=C79(C_0603)
Added Component: Designator=C80(C_0603)
Added Component: Designator=C81(C_0603)
Added Component: Designator=C82(C_0805)
Added Component: Designator=C83(C_0805)
Added Component: Designator=C84(C_0603)
Added Component: Designator=C85(TAJ_CodeC)
Added Component: Designator=C86(C_0603)
Added Component: Designator=C87(TAJ_CodeC)
Added Component: Designator=C88(C_0603)
Added Component: Designator=CN1(Conn_3_1)
Added Component: Designator=CN2(XLR_Ext)
Added Component: Designator=CN3(XLR_Ext)
Added Component: Designator=CN4(Conn_5_1)
Added Component: Designator=D1(SOD-123FL)
Added Component: Designator=D2(SOD-123FL)
Added Component: Designator=D3(SOD-123FL)
Added Component: Designator=D4(SMB)
Added Component: Designator=D5(SOD-123FL)
Added Component: Designator=D6(SMB)
Added Component: Designator=F1(EMIFIL_DSS6_S)
Added Component: Designator=F2(EMIFIL_DSS6_S)
Added Component: Designator=JP1(Conn_2_1)
Added Component: Designator=JP2(Conn_2_1)
Added Component: Designator=JP3(Conn_2_1)
Added Component: Designator=JP4(Conn_2_1)
Added Component: Designator=JP5(Conn_3_1)
Added Component: Designator=L1(Conn_2_1)
Added Component: Designator=L2(C_0805)
Added Component: Designator=P1(JK60-300)
Added Component: Designator=P2(JK60-300)
Added Component: Designator=P3(BNC_Ext)
Added Component: Designator=P4(BNC_Ext)
Added Component: Designator=R1(R_0805)
Added Component: Designator=R2(R_0805)
Added Component: Designator=R3(R_0603)
Added Component: Designator=R4(R_0603)
Added Component: Designator=R5(R_0603)
Added Component: Designator=R6(R_0603)
Added Component: Designator=R7(R_0603)
Added Component: Designator=R8(R_0603)
Added Component: Designator=R9(R_0603)
Added Component: Designator=R10(R_0805)
Added Component: Designator=R11(R_0805)
Added Component: Designator=R12(R_0603)
Added Component: Designator=R13(R_0603)
Added Component: Designator=R14(R_0603)
Added Component: Designator=R15(R_0603)
Added Component: Designator=R16(R_0603)
Added Component: Designator=R17(R_0805)
Added Component: Designator=R18(R_0805)
Added Component: Designator=R19(R_0603)
Added Component: Designator=R20(R_0603)
Added Component: Designator=R21(R_0805)
Added Component: Designator=R22(R_0805)
Added Component: Designator=R23(R_0603)
Added Component: Designator=R24(R_0603)
Added Component: Designator=R25(R_0805)
Added Component: Designator=R26(R_0805)
Added Component: Designator=R27(R_0603)
Added Component: Designator=R28(R_0805)
Added Component: Designator=R29(R_0805)
Added Component: Designator=R30(R_0805)
Added Component: Designator=R31(R_0805)
Added Component: Designator=R32(R_0603)
Added Component: Designator=R33(R_0603)
Added Component: Designator=R34(R_0603)
Added Component: Designator=R35(R_0805)
Added Component: Designator=R36(R_0805)
Added Component: Designator=R37(R_0603)
Added Component: Designator=R38(R_0603)
Added Component: Designator=R39(R_0805)
Added Component: Designator=R40(R_0805)
Added Component: Designator=R41(R_0603)
Added Component: Designator=R42(R_0805)
Added Component: Designator=R43(R_0805)
Added Component: Designator=R44(R_0805)
Added Component: Designator=R45(R_0805)
Added Component: Designator=R46(R_0603)
Added Component: Designator=R47(R_0603)
Added Component: Designator=R48(R_0603)
Added Component: Designator=R49(R_0805)
Added Component: Designator=R50(R_0805)
Added Component: Designator=R51(R_0603)
Added Component: Designator=R52(R_0805)
Added Component: Designator=R53(R_0805)
Added Component: Designator=R54(R_0805)
Added Component: Designator=R55(R_0805)
Added Component: Designator=R56(R_0603)
Added Component: Designator=R57(R_0805)
Added Component: Designator=R58(R_0603)
Added Component: Designator=R59(R_0603)
Added Component: Designator=R60(R_0805)
Added Component: Designator=R61(R_0805)
Added Component: Designator=R62(R_0805)
Added Component: Designator=R63(R_0603)
Added Component: Designator=R64(R_0805)
Added Component: Designator=R65(R_0805)
Added Component: Designator=R66(R_0805)
Added Component: Designator=R67(R_0805)
Added Component: Designator=R68(R_0603)
Added Component: Designator=R69(R_0805)
Added Component: Designator=R70(R_0805)
Added Component: Designator=R71(R_0805)
Added Component: Designator=R72(R_0805)
Added Component: Designator=R73(R_0603)
Added Component: Designator=R74(R_0805)
Added Component: Designator=R75(R_0603)
Added Component: Designator=R76(R_0603)
Added Component: Designator=R77(R_0805)
Added Component: Designator=R78(R_0805)
Added Component: Designator=R79(R_0805)
Added Component: Designator=R80(R_0603)
Added Component: Designator=R81(R_0805)
Added Component: Designator=R82(R_0805)
Added Component: Designator=U1(DPAK)
Added Component: Designator=U2(D2PAK 5-LEAD)
Added Component: Designator=U3(TO-220-3)
Added Component: Designator=U4(DPAK)
Added Component: Designator=U5(SOIC8)
Added Component: Designator=U6(SOIC8)
Added Component: Designator=U7(SOIC8)
Added Component: Designator=U8(SOIC8)
Added Component: Designator=U9(SOIC8)
Added Component: Designator=U10(SOIC8)
Added Component: Designator=U11(SOIC8)
Added Component: Designator=U12(SOIC8)
Added Component: Designator=U13(STM32F4DISCOVERY)
Added Component: Designator=U14(AK4621)
Added Pin To Net: NetName=+15V Pin=C3-1
Added Pin To Net: NetName=+15V Pin=C7-1
Added Pin To Net: NetName=+15V Pin=C16-1
Added Pin To Net: NetName=+15V Pin=D4-2
Added Pin To Net: NetName=+15V Pin=P1-2
Added Pin To Net: NetName=+15V Pin=R4-2
Added Pin To Net: NetName=+15V Pin=R6-2
Added Pin To Net: NetName=+15V Pin=U2-1
Added Pin To Net: NetName=+15V Pin=U3-1
Added Net: Name=+15V
Added Pin To Net: NetName=-15V Pin=C15-2
Added Pin To Net: NetName=-15V Pin=D6-1
Added Pin To Net: NetName=-15V Pin=P2-2
Added Pin To Net: NetName=-15V Pin=R3-2
Added Pin To Net: NetName=-15V Pin=R5-2
Added Net: Name=-15V
Added Pin To Net: NetName=3V3DISC Pin=C2-1
Added Pin To Net: NetName=3V3DISC Pin=CN4-1
Added Pin To Net: NetName=3V3DISC Pin=U1-2
Added Pin To Net: NetName=3V3DISC Pin=U13-P1.4
Added Pin To Net: NetName=3V3DISC Pin=U13-P1.4
Added Net: Name=3V3DISC
Added Pin To Net: NetName=3V3 Pin=C9-1
Added Pin To Net: NetName=3V3 Pin=C87-1
Added Pin To Net: NetName=3V3 Pin=C88-1
Added Pin To Net: NetName=3V3 Pin=U4-2
Added Pin To Net: NetName=3V3 Pin=U14-22
Added Pin To Net: NetName=3V3 Pin=U14-24
Added Pin To Net: NetName=3V3 Pin=U14-25
Added Net: Name=3V3
Added Pin To Net: NetName=5V_EXT Pin=D1-1
Added Pin To Net: NetName=5V_EXT Pin=U13-P2.3
Added Pin To Net: NetName=5V_EXT Pin=U13-P2.3
Added Pin To Net: NetName=5V_EXT Pin=U13-P2.4
Added Pin To Net: NetName=5V_EXT Pin=U13-P2.4
Added Net: Name=5V_EXT
Added Pin To Net: NetName=5VDISC Pin=C1-1
Added Pin To Net: NetName=5VDISC Pin=C4-1
Added Pin To Net: NetName=5VDISC Pin=D1-2
Added Pin To Net: NetName=5VDISC Pin=L1-2
Added Pin To Net: NetName=5VDISC Pin=R1-1
Added Pin To Net: NetName=5VDISC Pin=U1-3
Added Net: Name=5VDISC
Added Pin To Net: NetName=5V Pin=C6-1
Added Pin To Net: NetName=5V Pin=C8-1
Added Pin To Net: NetName=5V Pin=C11-1
Added Pin To Net: NetName=5V Pin=C12-1
Added Pin To Net: NetName=5V Pin=C13-1
Added Pin To Net: NetName=5V Pin=C14-1
Added Pin To Net: NetName=5V Pin=R32-2
Added Pin To Net: NetName=5V Pin=R46-2
Added Pin To Net: NetName=5V Pin=U3-3
Added Pin To Net: NetName=5V Pin=U4-3
Added Pin To Net: NetName=5V Pin=U14-6
Added Pin To Net: NetName=5V Pin=U14-8
Added Net: Name=5V
Added Pin To Net: NetName=CKS0 Pin=U13-P2.29
Added Pin To Net: NetName=CKS0 Pin=U13-P2.29
Added Pin To Net: NetName=CKS0 Pin=U14-17
Added Net: Name=CKS0
Added Pin To Net: NetName=CKS1 Pin=U13-P2.27
Added Pin To Net: NetName=CKS1 Pin=U13-P2.27
Added Pin To Net: NetName=CKS1 Pin=U14-18
Added Net: Name=CKS1
Added Pin To Net: NetName=DGND Pin=C87-2
Added Pin To Net: NetName=DGND Pin=C88-2
Added Pin To Net: NetName=DGND Pin=CN4-5
Added Pin To Net: NetName=DGND Pin=L2-2
Added Pin To Net: NetName=DGND Pin=U13-P1.23
Added Pin To Net: NetName=DGND Pin=U13-P1.23
Added Pin To Net: NetName=DGND Pin=U13-P1.49
Added Pin To Net: NetName=DGND Pin=U13-P1.49
Added Pin To Net: NetName=DGND Pin=U13-P1.50
Added Pin To Net: NetName=DGND Pin=U13-P1.50
Added Pin To Net: NetName=DGND Pin=U13-P2.1
Added Pin To Net: NetName=DGND Pin=U13-P2.1
Added Pin To Net: NetName=DGND Pin=U13-P2.2
Added Pin To Net: NetName=DGND Pin=U13-P2.2
Added Pin To Net: NetName=DGND Pin=U13-P2.49
Added Pin To Net: NetName=DGND Pin=U13-P2.49
Added Pin To Net: NetName=DGND Pin=U13-P2.50
Added Pin To Net: NetName=DGND Pin=U13-P2.50
Added Pin To Net: NetName=DGND Pin=U14-7
Added Pin To Net: NetName=DGND Pin=U14-9
Added Pin To Net: NetName=DGND Pin=U14-20
Added Pin To Net: NetName=DGND Pin=U14-23
Added Pin To Net: NetName=DGND Pin=U14-26
Added Net: Name=DGND
Added Pin To Net: NetName=DIF Pin=U13-P2.25
Added Pin To Net: NetName=DIF Pin=U13-P2.25
Added Pin To Net: NetName=DIF Pin=U14-19
Added Net: Name=DIF
Added Pin To Net: NetName=GND Pin=CN2-1
Added Pin To Net: NetName=GND Pin=CN2-3
Added Pin To Net: NetName=GND Pin=CN3-1
Added Pin To Net: NetName=GND Pin=CN3-3
Added Pin To Net: NetName=GND Pin=U13-P1.1
Added Pin To Net: NetName=GND Pin=U13-P1.1
Added Pin To Net: NetName=GND Pin=U13-P1.2
Added Pin To Net: NetName=GND Pin=U13-P1.2
Added Pin To Net: NetName=GND Pin=U13-P1.5
Added Pin To Net: NetName=GND Pin=U13-P1.5
Added Net: Name=GND
Added Pin To Net: NetName=GROUND Pin=C1-2
Added Pin To Net: NetName=GROUND Pin=C2-2
Added Pin To Net: NetName=GROUND Pin=C3-2
Added Pin To Net: NetName=GROUND Pin=C4-2
Added Pin To Net: NetName=GROUND Pin=C5-2
Added Pin To Net: NetName=GROUND Pin=C6-2
Added Pin To Net: NetName=GROUND Pin=C9-2
Added Pin To Net: NetName=GROUND Pin=C10-1
Added Pin To Net: NetName=GROUND Pin=C11-2
Added Pin To Net: NetName=GROUND Pin=C12-2
Added Pin To Net: NetName=GROUND Pin=C13-2
Added Pin To Net: NetName=GROUND Pin=C14-2
Added Pin To Net: NetName=GROUND Pin=C15-1
Added Pin To Net: NetName=GROUND Pin=C16-2
Added Pin To Net: NetName=GROUND Pin=C19-2
Added Pin To Net: NetName=GROUND Pin=C20-2
Added Pin To Net: NetName=GROUND Pin=C21-2
Added Pin To Net: NetName=GROUND Pin=C24-1
Added Pin To Net: NetName=GROUND Pin=C26-2
Added Pin To Net: NetName=GROUND Pin=C27-2
Added Pin To Net: NetName=GROUND Pin=C30-2
Added Pin To Net: NetName=GROUND Pin=C31-2
Added Pin To Net: NetName=GROUND Pin=C32-2
Added Pin To Net: NetName=GROUND Pin=C35-1
Added Pin To Net: NetName=GROUND Pin=C37-2
Added Pin To Net: NetName=GROUND Pin=C38-2
Added Pin To Net: NetName=GROUND Pin=C41-1
Added Pin To Net: NetName=GROUND Pin=C43-1
Added Pin To Net: NetName=GROUND Pin=C46-1
Added Pin To Net: NetName=GROUND Pin=C47-2
Added Pin To Net: NetName=GROUND Pin=C49-2
Added Pin To Net: NetName=GROUND Pin=C52-2
Added Pin To Net: NetName=GROUND Pin=C53-1
Added Pin To Net: NetName=GROUND Pin=C55-2
Added Pin To Net: NetName=GROUND Pin=C57-2
Added Pin To Net: NetName=GROUND Pin=C58-1
Added Pin To Net: NetName=GROUND Pin=C59-1
Added Pin To Net: NetName=GROUND Pin=C60-2
Added Pin To Net: NetName=GROUND Pin=C61-1
Added Pin To Net: NetName=GROUND Pin=C65-1
Added Pin To Net: NetName=GROUND Pin=C67-1
Added Pin To Net: NetName=GROUND Pin=C70-1
Added Pin To Net: NetName=GROUND Pin=C71-2
Added Pin To Net: NetName=GROUND Pin=C73-2
Added Pin To Net: NetName=GROUND Pin=C76-2
Added Pin To Net: NetName=GROUND Pin=C77-1
Added Pin To Net: NetName=GROUND Pin=C79-2
Added Pin To Net: NetName=GROUND Pin=C81-2
Added Pin To Net: NetName=GROUND Pin=C82-1
Added Pin To Net: NetName=GROUND Pin=C83-1
Added Pin To Net: NetName=GROUND Pin=C84-2
Added Pin To Net: NetName=GROUND Pin=C85-1
Added Pin To Net: NetName=GROUND Pin=CN1-2
Added Pin To Net: NetName=GROUND Pin=D3-1
Added Pin To Net: NetName=GROUND Pin=D4-1
Added Pin To Net: NetName=GROUND Pin=D6-2
Added Pin To Net: NetName=GROUND Pin=F1-2
Added Pin To Net: NetName=GROUND Pin=F2-2
Added Pin To Net: NetName=GROUND Pin=L2-1
Added Pin To Net: NetName=GROUND Pin=P3-2
Added Pin To Net: NetName=GROUND Pin=P4-2
Added Pin To Net: NetName=GROUND Pin=R2-2
Added Pin To Net: NetName=GROUND Pin=R9-1
Added Pin To Net: NetName=GROUND Pin=R12-2
Added Pin To Net: NetName=GROUND Pin=R13-2
Added Pin To Net: NetName=GROUND Pin=R16-1
Added Pin To Net: NetName=GROUND Pin=R19-2
Added Pin To Net: NetName=GROUND Pin=R20-2
Added Pin To Net: NetName=GROUND Pin=R34-1
Added Pin To Net: NetName=GROUND Pin=R48-1
Added Pin To Net: NetName=GROUND Pin=R51-1
Added Pin To Net: NetName=GROUND Pin=R54-1
Added Pin To Net: NetName=GROUND Pin=R60-1
Added Pin To Net: NetName=GROUND Pin=R63-1
Added Pin To Net: NetName=GROUND Pin=R65-1
Added Pin To Net: NetName=GROUND Pin=R68-1
Added Pin To Net: NetName=GROUND Pin=R71-1
Added Pin To Net: NetName=GROUND Pin=R77-1
Added Pin To Net: NetName=GROUND Pin=R80-1
Added Pin To Net: NetName=GROUND Pin=R82-1
Added Pin To Net: NetName=GROUND Pin=U1-1
Added Pin To Net: NetName=GROUND Pin=U2-3
Added Pin To Net: NetName=GROUND Pin=U2-5
Added Pin To Net: NetName=GROUND Pin=U2-6
Added Pin To Net: NetName=GROUND Pin=U3-2
Added Pin To Net: NetName=GROUND Pin=U4-1
Added Pin To Net: NetName=GROUND Pin=U7-3
Added Pin To Net: NetName=GROUND Pin=U8-5
Added Net: Name=GROUND
Added Pin To Net: NetName=I2S2_SD Pin=JP5-1
Added Pin To Net: NetName=I2S2_SD Pin=U13-P1.9
Added Pin To Net: NetName=I2S2_SD Pin=U13-P1.9
Added Net: Name=I2S2_SD
Added Pin To Net: NetName=I2S3_CK Pin=U13-P2.37
Added Pin To Net: NetName=I2S3_CK Pin=U13-P2.37
Added Pin To Net: NetName=I2S3_CK Pin=U14-12
Added Net: Name=I2S3_CK
Added Pin To Net: NetName=I2S3_EXT_SD Pin=JP5-3
Added Pin To Net: NetName=I2S3_EXT_SD Pin=U13-P2.38
Added Pin To Net: NetName=I2S3_EXT_SD Pin=U13-P2.38
Added Pin To Net: NetName=I2S3_EXT_SD Pin=U14-14
Added Net: Name=I2S3_EXT_SD
Added Pin To Net: NetName=I2S3_MCK Pin=U13-P2.48
Added Pin To Net: NetName=I2S3_MCK Pin=U13-P2.48
Added Pin To Net: NetName=I2S3_MCK Pin=U14-10
Added Net: Name=I2S3_MCK
Added Pin To Net: NetName=I2S3_SD Pin=U13-P2.35
Added Pin To Net: NetName=I2S3_SD Pin=U13-P2.35
Added Net: Name=I2S3_SD
Added Pin To Net: NetName=I2S3_WS Pin=U13-P1.16
Added Pin To Net: NetName=I2S3_WS Pin=U13-P1.16
Added Pin To Net: NetName=I2S3_WS Pin=U14-11
Added Net: Name=I2S3_WS
Added Pin To Net: NetName=I2S_SD Pin=JP5-2
Added Pin To Net: NetName=I2S_SD Pin=U14-13
Added Net: Name=I2S_SD
Added Pin To Net: NetName=NetC5_1 Pin=C5-1
Added Pin To Net: NetName=NetC5_1 Pin=D2-2
Added Pin To Net: NetName=NetC5_1 Pin=F1-1
Added Net: Name=NetC5_1
Added Pin To Net: NetName=NetC7_2 Pin=C7-2
Added Pin To Net: NetName=NetC7_2 Pin=C8-2
Added Net: Name=NetC7_2
Added Pin To Net: NetName=NetC10_2 Pin=C10-2
Added Pin To Net: NetName=NetC10_2 Pin=D5-1
Added Pin To Net: NetName=NetC10_2 Pin=F2-1
Added Net: Name=NetC10_2
Added Pin To Net: NetName=NetC17_1 Pin=C17-1
Added Pin To Net: NetName=NetC17_1 Pin=R21-2
Added Pin To Net: NetName=NetC17_1 Pin=R22-2
Added Pin To Net: NetName=NetC17_1 Pin=R26-1
Added Pin To Net: NetName=NetC17_1 Pin=U7-6
Added Net: Name=NetC17_1
Added Pin To Net: NetName=NetC17_2 Pin=C17-2
Added Pin To Net: NetName=NetC17_2 Pin=R21-1
Added Pin To Net: NetName=NetC17_2 Pin=R22-1
Added Pin To Net: NetName=NetC17_2 Pin=R27-2
Added Pin To Net: NetName=NetC17_2 Pin=U7-7
Added Net: Name=NetC17_2
Added Pin To Net: NetName=NetC18_1 Pin=C18-1
Added Pin To Net: NetName=NetC18_1 Pin=R25-2
Added Net: Name=NetC18_1
Added Pin To Net: NetName=NetC18_2 Pin=C18-2
Added Pin To Net: NetName=NetC18_2 Pin=R23-1
Added Pin To Net: NetName=NetC18_2 Pin=U7-1
Added Net: Name=NetC18_2
Added Pin To Net: NetName=NetC22_1 Pin=C22-1
Added Pin To Net: NetName=NetC22_1 Pin=R33-1
Added Pin To Net: NetName=NetC22_1 Pin=U14-5
Added Net: Name=NetC22_1
Added Pin To Net: NetName=NetC22_2 Pin=C22-2
Added Pin To Net: NetName=NetC22_2 Pin=R27-1
Added Pin To Net: NetName=NetC22_2 Pin=U14-4
Added Net: Name=NetC22_2
Added Pin To Net: NetName=NetC23_1 Pin=C23-1
Added Pin To Net: NetName=NetC23_1 Pin=R28-2
Added Pin To Net: NetName=NetC23_1 Pin=R29-2
Added Pin To Net: NetName=NetC23_1 Pin=R31-1
Added Pin To Net: NetName=NetC23_1 Pin=U8-2
Added Net: Name=NetC23_1
Added Pin To Net: NetName=NetC23_2 Pin=C23-2
Added Pin To Net: NetName=NetC23_2 Pin=R28-1
Added Pin To Net: NetName=NetC23_2 Pin=R29-1
Added Pin To Net: NetName=NetC23_2 Pin=R33-2
Added Pin To Net: NetName=NetC23_2 Pin=U8-1
Added Net: Name=NetC23_2
Added Pin To Net: NetName=NetC25_1 Pin=C25-1
Added Pin To Net: NetName=NetC25_1 Pin=R30-2
Added Net: Name=NetC25_1
Added Pin To Net: NetName=NetC25_2 Pin=C25-2
Added Pin To Net: NetName=NetC25_2 Pin=JP2-2
Added Pin To Net: NetName=NetC25_2 Pin=R11-1
Added Pin To Net: NetName=NetC25_2 Pin=R24-2
Added Pin To Net: NetName=NetC25_2 Pin=U5-7
Added Net: Name=NetC25_2
Added Pin To Net: NetName=NetC26_1 Pin=C26-1
Added Pin To Net: NetName=NetC26_1 Pin=C27-1
Added Pin To Net: NetName=NetC26_1 Pin=R32-1
Added Pin To Net: NetName=NetC26_1 Pin=R34-2
Added Pin To Net: NetName=NetC26_1 Pin=U7-5
Added Pin To Net: NetName=NetC26_1 Pin=U8-3
Added Net: Name=NetC26_1
Added Pin To Net: NetName=NetC28_1 Pin=C28-1
Added Pin To Net: NetName=NetC28_1 Pin=R35-2
Added Pin To Net: NetName=NetC28_1 Pin=R36-2
Added Pin To Net: NetName=NetC28_1 Pin=R40-1
Added Pin To Net: NetName=NetC28_1 Pin=U9-2
Added Net: Name=NetC28_1
Added Pin To Net: NetName=NetC28_2 Pin=C28-2
Added Pin To Net: NetName=NetC28_2 Pin=R35-1
Added Pin To Net: NetName=NetC28_2 Pin=R36-1
Added Pin To Net: NetName=NetC28_2 Pin=R41-2
Added Pin To Net: NetName=NetC28_2 Pin=U9-1
Added Net: Name=NetC28_2
Added Pin To Net: NetName=NetC29_1 Pin=C29-1
Added Pin To Net: NetName=NetC29_1 Pin=R39-2
Added Net: Name=NetC29_1
Added Pin To Net: NetName=NetC29_2 Pin=C29-2
Added Pin To Net: NetName=NetC29_2 Pin=R37-1
Added Pin To Net: NetName=NetC29_2 Pin=U8-7
Added Net: Name=NetC29_2
Added Pin To Net: NetName=NetC33_1 Pin=C33-1
Added Pin To Net: NetName=NetC33_1 Pin=R47-1
Added Pin To Net: NetName=NetC33_1 Pin=U14-3
Added Net: Name=NetC33_1
Added Pin To Net: NetName=NetC33_2 Pin=C33-2
Added Pin To Net: NetName=NetC33_2 Pin=R41-1
Added Pin To Net: NetName=NetC33_2 Pin=U14-2
Added Net: Name=NetC33_2
Added Pin To Net: NetName=NetC34_1 Pin=C34-1
Added Pin To Net: NetName=NetC34_1 Pin=R42-2
Added Pin To Net: NetName=NetC34_1 Pin=R43-2
Added Pin To Net: NetName=NetC34_1 Pin=R45-1
Added Pin To Net: NetName=NetC34_1 Pin=U9-6
Added Net: Name=NetC34_1
Added Pin To Net: NetName=NetC34_2 Pin=C34-2
Added Pin To Net: NetName=NetC34_2 Pin=R42-1
Added Pin To Net: NetName=NetC34_2 Pin=R43-1
Added Pin To Net: NetName=NetC34_2 Pin=R47-2
Added Pin To Net: NetName=NetC34_2 Pin=U9-7
Added Net: Name=NetC34_2
Added Pin To Net: NetName=NetC36_1 Pin=C36-1
Added Pin To Net: NetName=NetC36_1 Pin=R44-2
Added Net: Name=NetC36_1
Added Pin To Net: NetName=NetC36_2 Pin=C36-2
Added Pin To Net: NetName=NetC36_2 Pin=JP4-2
Added Pin To Net: NetName=NetC36_2 Pin=R18-1
Added Pin To Net: NetName=NetC36_2 Pin=R38-2
Added Pin To Net: NetName=NetC36_2 Pin=U6-7
Added Net: Name=NetC36_2
Added Pin To Net: NetName=NetC37_1 Pin=C37-1
Added Pin To Net: NetName=NetC37_1 Pin=C38-1
Added Pin To Net: NetName=NetC37_1 Pin=R46-1
Added Pin To Net: NetName=NetC37_1 Pin=R48-2
Added Pin To Net: NetName=NetC37_1 Pin=U9-3
Added Pin To Net: NetName=NetC37_1 Pin=U9-5
Added Net: Name=NetC37_1
Added Pin To Net: NetName=NetC39_1 Pin=C39-1
Added Pin To Net: NetName=NetC39_1 Pin=R49-2
Added Pin To Net: NetName=NetC39_1 Pin=R50-1
Added Net: Name=NetC39_1
Added Pin To Net: NetName=NetC39_2 Pin=C39-2
Added Pin To Net: NetName=NetC39_2 Pin=C48-2
Added Pin To Net: NetName=NetC39_2 Pin=R52-2
Added Pin To Net: NetName=NetC39_2 Pin=R55-1
Added Pin To Net: NetName=NetC39_2 Pin=U10-1
Added Net: Name=NetC39_2
Added Pin To Net: NetName=NetC40_1 Pin=C40-1
Added Pin To Net: NetName=NetC40_1 Pin=C42-1
Added Pin To Net: NetName=NetC40_1 Pin=U14-27
Added Net: Name=NetC40_1
Added Pin To Net: NetName=NetC40_2 Pin=C40-2
Added Pin To Net: NetName=NetC40_2 Pin=C42-2
Added Pin To Net: NetName=NetC40_2 Pin=R49-1
Added Pin To Net: NetName=NetC40_2 Pin=R51-2
Added Net: Name=NetC40_2
Added Pin To Net: NetName=NetC41_2 Pin=C41-2
Added Pin To Net: NetName=NetC41_2 Pin=C43-2
Added Pin To Net: NetName=NetC41_2 Pin=C45-1
Added Pin To Net: NetName=NetC41_2 Pin=C46-2
Added Pin To Net: NetName=NetC41_2 Pin=R50-2
Added Pin To Net: NetName=NetC41_2 Pin=U10-3
Added Net: Name=NetC41_2
Added Pin To Net: NetName=NetC44_1 Pin=C44-1
Added Pin To Net: NetName=NetC44_1 Pin=R53-2
Added Pin To Net: NetName=NetC44_1 Pin=R56-2
Added Pin To Net: NetName=NetC44_1 Pin=U10-6
Added Net: Name=NetC44_1
Added Pin To Net: NetName=NetC44_2 Pin=C44-2
Added Pin To Net: NetName=NetC44_2 Pin=R53-1
Added Pin To Net: NetName=NetC44_2 Pin=R59-1
Added Pin To Net: NetName=NetC44_2 Pin=U10-7
Added Net: Name=NetC44_2
Added Pin To Net: NetName=NetC45_2 Pin=C45-2
Added Pin To Net: NetName=NetC45_2 Pin=C47-1
Added Pin To Net: NetName=NetC45_2 Pin=C48-1
Added Pin To Net: NetName=NetC45_2 Pin=R52-1
Added Pin To Net: NetName=NetC45_2 Pin=R54-2
Added Pin To Net: NetName=NetC45_2 Pin=U10-2
Added Net: Name=NetC45_2
Added Pin To Net: NetName=NetC49_1 Pin=C49-1
Added Pin To Net: NetName=NetC49_1 Pin=R58-2
Added Pin To Net: NetName=NetC49_1 Pin=R60-2
Added Pin To Net: NetName=NetC49_1 Pin=U10-5
Added Net: Name=NetC49_1
Added Pin To Net: NetName=NetC50_1 Pin=C50-1
Added Pin To Net: NetName=NetC50_1 Pin=R61-2
Added Pin To Net: NetName=NetC50_1 Pin=R62-1
Added Net: Name=NetC50_1
Added Pin To Net: NetName=NetC50_2 Pin=C50-2
Added Pin To Net: NetName=NetC50_2 Pin=C62-2
Added Pin To Net: NetName=NetC50_2 Pin=R57-1
Added Pin To Net: NetName=NetC50_2 Pin=R64-2
Added Pin To Net: NetName=NetC50_2 Pin=U11-1
Added Net: Name=NetC50_2
Added Pin To Net: NetName=NetC51_1 Pin=C51-1
Added Pin To Net: NetName=NetC51_1 Pin=C54-1
Added Pin To Net: NetName=NetC51_1 Pin=U14-28
Added Net: Name=NetC51_1
Added Pin To Net: NetName=NetC51_2 Pin=C51-2
Added Pin To Net: NetName=NetC51_2 Pin=C54-2
Added Pin To Net: NetName=NetC51_2 Pin=R61-1
Added Pin To Net: NetName=NetC51_2 Pin=R63-2
Added Net: Name=NetC51_2
Added Pin To Net: NetName=NetC53_2 Pin=C53-2
Added Pin To Net: NetName=NetC53_2 Pin=C56-1
Added Pin To Net: NetName=NetC53_2 Pin=C58-2
Added Pin To Net: NetName=NetC53_2 Pin=C59-2
Added Pin To Net: NetName=NetC53_2 Pin=R62-2
Added Pin To Net: NetName=NetC53_2 Pin=U11-3
Added Net: Name=NetC53_2
Added Pin To Net: NetName=NetC56_2 Pin=C56-2
Added Pin To Net: NetName=NetC56_2 Pin=C60-1
Added Pin To Net: NetName=NetC56_2 Pin=C62-1
Added Pin To Net: NetName=NetC56_2 Pin=R64-1
Added Pin To Net: NetName=NetC56_2 Pin=R65-2
Added Pin To Net: NetName=NetC56_2 Pin=U11-2
Added Net: Name=NetC56_2
Added Pin To Net: NetName=NetC63_1 Pin=C63-1
Added Pin To Net: NetName=NetC63_1 Pin=R66-2
Added Pin To Net: NetName=NetC63_1 Pin=R67-1
Added Net: Name=NetC63_1
Added Pin To Net: NetName=NetC63_2 Pin=C63-2
Added Pin To Net: NetName=NetC63_2 Pin=C72-2
Added Pin To Net: NetName=NetC63_2 Pin=R69-2
Added Pin To Net: NetName=NetC63_2 Pin=R72-1
Added Pin To Net: NetName=NetC63_2 Pin=U11-7
Added Net: Name=NetC63_2
Added Pin To Net: NetName=NetC64_1 Pin=C64-1
Added Pin To Net: NetName=NetC64_1 Pin=C66-1
Added Pin To Net: NetName=NetC64_1 Pin=U14-29
Added Net: Name=NetC64_1
Added Pin To Net: NetName=NetC64_2 Pin=C64-2
Added Pin To Net: NetName=NetC64_2 Pin=C66-2
Added Pin To Net: NetName=NetC64_2 Pin=R66-1
Added Pin To Net: NetName=NetC64_2 Pin=R68-2
Added Net: Name=NetC64_2
Added Pin To Net: NetName=NetC65_2 Pin=C65-2
Added Pin To Net: NetName=NetC65_2 Pin=C67-2
Added Pin To Net: NetName=NetC65_2 Pin=C69-1
Added Pin To Net: NetName=NetC65_2 Pin=C70-2
Added Pin To Net: NetName=NetC65_2 Pin=R67-2
Added Pin To Net: NetName=NetC65_2 Pin=U11-5
Added Net: Name=NetC65_2
Added Pin To Net: NetName=NetC68_1 Pin=C68-1
Added Pin To Net: NetName=NetC68_1 Pin=R70-2
Added Pin To Net: NetName=NetC68_1 Pin=R73-2
Added Pin To Net: NetName=NetC68_1 Pin=U12-2
Added Net: Name=NetC68_1
Added Pin To Net: NetName=NetC68_2 Pin=C68-2
Added Pin To Net: NetName=NetC68_2 Pin=R70-1
Added Pin To Net: NetName=NetC68_2 Pin=R76-1
Added Pin To Net: NetName=NetC68_2 Pin=U12-1
Added Net: Name=NetC68_2
Added Pin To Net: NetName=NetC69_2 Pin=C69-2
Added Pin To Net: NetName=NetC69_2 Pin=C71-1
Added Pin To Net: NetName=NetC69_2 Pin=C72-1
Added Pin To Net: NetName=NetC69_2 Pin=R69-1
Added Pin To Net: NetName=NetC69_2 Pin=R71-2
Added Pin To Net: NetName=NetC69_2 Pin=U11-6
Added Net: Name=NetC69_2
Added Pin To Net: NetName=NetC73_1 Pin=C73-1
Added Pin To Net: NetName=NetC73_1 Pin=R75-2
Added Pin To Net: NetName=NetC73_1 Pin=R77-2
Added Pin To Net: NetName=NetC73_1 Pin=U12-3
Added Net: Name=NetC73_1
Added Pin To Net: NetName=NetC74_1 Pin=C74-1
Added Pin To Net: NetName=NetC74_1 Pin=R78-2
Added Pin To Net: NetName=NetC74_1 Pin=R79-1
Added Net: Name=NetC74_1
Added Pin To Net: NetName=NetC74_2 Pin=C74-2
Added Pin To Net: NetName=NetC74_2 Pin=C86-2
Added Pin To Net: NetName=NetC74_2 Pin=R74-1
Added Pin To Net: NetName=NetC74_2 Pin=R81-2
Added Pin To Net: NetName=NetC74_2 Pin=U12-7
Added Net: Name=NetC74_2
Added Pin To Net: NetName=NetC75_1 Pin=C75-1
Added Pin To Net: NetName=NetC75_1 Pin=C78-1
Added Pin To Net: NetName=NetC75_1 Pin=U14-30
Added Net: Name=NetC75_1
Added Pin To Net: NetName=NetC75_2 Pin=C75-2
Added Pin To Net: NetName=NetC75_2 Pin=C78-2
Added Pin To Net: NetName=NetC75_2 Pin=R78-1
Added Pin To Net: NetName=NetC75_2 Pin=R80-2
Added Net: Name=NetC75_2
Added Pin To Net: NetName=NetC77_2 Pin=C77-2
Added Pin To Net: NetName=NetC77_2 Pin=C80-1
Added Pin To Net: NetName=NetC77_2 Pin=C82-2
Added Pin To Net: NetName=NetC77_2 Pin=C83-2
Added Pin To Net: NetName=NetC77_2 Pin=R79-2
Added Pin To Net: NetName=NetC77_2 Pin=U12-5
Added Net: Name=NetC77_2
Added Pin To Net: NetName=NetC80_2 Pin=C80-2
Added Pin To Net: NetName=NetC80_2 Pin=C84-1
Added Pin To Net: NetName=NetC80_2 Pin=C86-1
Added Pin To Net: NetName=NetC80_2 Pin=R81-1
Added Pin To Net: NetName=NetC80_2 Pin=R82-2
Added Pin To Net: NetName=NetC80_2 Pin=U12-6
Added Net: Name=NetC80_2
Added Pin To Net: NetName=NetCN2_2 Pin=CN2-2
Added Pin To Net: NetName=NetCN2_2 Pin=JP1-1
Added Pin To Net: NetName=NetCN2_2 Pin=R7-2
Added Pin To Net: NetName=NetCN2_2 Pin=R9-2
Added Net: Name=NetCN2_2
Added Pin To Net: NetName=NetCN3_2 Pin=CN3-2
Added Pin To Net: NetName=NetCN3_2 Pin=JP3-1
Added Pin To Net: NetName=NetCN3_2 Pin=R14-2
Added Pin To Net: NetName=NetCN3_2 Pin=R16-2
Added Net: Name=NetCN3_2
Added Pin To Net: NetName=NetD3_2 Pin=D3-2
Added Pin To Net: NetName=NetD3_2 Pin=L1-1
Added Pin To Net: NetName=NetD3_2 Pin=U2-2
Added Net: Name=NetD3_2
Added Pin To Net: NetName=NetF1_3 Pin=F1-3
Added Pin To Net: NetName=NetF1_3 Pin=P1-1
Added Net: Name=NetF1_3
Added Pin To Net: NetName=NetF2_3 Pin=F2-3
Added Pin To Net: NetName=NetF2_3 Pin=P2-1
Added Net: Name=NetF2_3
Added Pin To Net: NetName=NetJP1_2 Pin=JP1-2
Added Pin To Net: NetName=NetJP1_2 Pin=JP2-1
Added Pin To Net: NetName=NetJP1_2 Pin=R8-2
Added Pin To Net: NetName=NetJP1_2 Pin=R10-1
Added Pin To Net: NetName=NetJP1_2 Pin=U5-1
Added Net: Name=NetJP1_2
Added Pin To Net: NetName=NetJP3_2 Pin=JP3-2
Added Pin To Net: NetName=NetJP3_2 Pin=JP4-1
Added Pin To Net: NetName=NetJP3_2 Pin=R15-2
Added Pin To Net: NetName=NetJP3_2 Pin=R17-1
Added Pin To Net: NetName=NetJP3_2 Pin=U6-1
Added Net: Name=NetJP3_2
Added Pin To Net: NetName=NetP3_1 Pin=P3-1
Added Pin To Net: NetName=NetP3_1 Pin=R59-2
Added Net: Name=NetP3_1
Added Pin To Net: NetName=NetP4_1 Pin=P4-1
Added Pin To Net: NetName=NetP4_1 Pin=R76-2
Added Net: Name=NetP4_1
Added Pin To Net: NetName=NetR1_2 Pin=R1-2
Added Pin To Net: NetName=NetR1_2 Pin=R2-1
Added Pin To Net: NetName=NetR1_2 Pin=U2-4
Added Net: Name=NetR1_2
Added Pin To Net: NetName=NetR7_1 Pin=R7-1
Added Pin To Net: NetName=NetR7_1 Pin=U5-3
Added Net: Name=NetR7_1
Added Pin To Net: NetName=NetR8_1 Pin=R8-1
Added Pin To Net: NetName=NetR8_1 Pin=U5-5
Added Net: Name=NetR8_1
Added Pin To Net: NetName=NetR10_2 Pin=R10-2
Added Pin To Net: NetName=NetR10_2 Pin=R12-1
Added Pin To Net: NetName=NetR10_2 Pin=U5-2
Added Net: Name=NetR10_2
Added Pin To Net: NetName=NetR11_2 Pin=R11-2
Added Pin To Net: NetName=NetR11_2 Pin=R13-1
Added Pin To Net: NetName=NetR11_2 Pin=U5-6
Added Net: Name=NetR11_2
Added Pin To Net: NetName=NetR14_1 Pin=R14-1
Added Pin To Net: NetName=NetR14_1 Pin=U6-3
Added Net: Name=NetR14_1
Added Pin To Net: NetName=NetR15_1 Pin=R15-1
Added Pin To Net: NetName=NetR15_1 Pin=U6-5
Added Net: Name=NetR15_1
Added Pin To Net: NetName=NetR17_2 Pin=R17-2
Added Pin To Net: NetName=NetR17_2 Pin=R19-1
Added Pin To Net: NetName=NetR17_2 Pin=U6-2
Added Net: Name=NetR17_2
Added Pin To Net: NetName=NetR18_2 Pin=R18-2
Added Pin To Net: NetName=NetR18_2 Pin=R20-1
Added Pin To Net: NetName=NetR18_2 Pin=U6-6
Added Net: Name=NetR18_2
Added Pin To Net: NetName=NetR23_2 Pin=R23-2
Added Pin To Net: NetName=NetR23_2 Pin=R24-1
Added Pin To Net: NetName=NetR23_2 Pin=U7-2
Added Net: Name=NetR23_2
Added Pin To Net: NetName=NetR25_1 Pin=R25-1
Added Pin To Net: NetName=NetR25_1 Pin=R26-2
Added Net: Name=NetR25_1
Added Pin To Net: NetName=NetR30_1 Pin=R30-1
Added Pin To Net: NetName=NetR30_1 Pin=R31-2
Added Net: Name=NetR30_1
Added Pin To Net: NetName=NetR37_2 Pin=R37-2
Added Pin To Net: NetName=NetR37_2 Pin=R38-1
Added Pin To Net: NetName=NetR37_2 Pin=U8-6
Added Net: Name=NetR37_2
Added Pin To Net: NetName=NetR39_1 Pin=R39-1
Added Pin To Net: NetName=NetR39_1 Pin=R40-2
Added Net: Name=NetR39_1
Added Pin To Net: NetName=NetR44_1 Pin=R44-1
Added Pin To Net: NetName=NetR44_1 Pin=R45-2
Added Net: Name=NetR44_1
Added Pin To Net: NetName=NetR55_2 Pin=R55-2
Added Pin To Net: NetName=NetR55_2 Pin=R56-1
Added Net: Name=NetR55_2
Added Pin To Net: NetName=NetR57_2 Pin=R57-2
Added Pin To Net: NetName=NetR57_2 Pin=R58-1
Added Net: Name=NetR57_2
Added Pin To Net: NetName=NetR72_2 Pin=R72-2
Added Pin To Net: NetName=NetR72_2 Pin=R73-1
Added Net: Name=NetR72_2
Added Pin To Net: NetName=NetR74_2 Pin=R74-2
Added Pin To Net: NetName=NetR74_2 Pin=R75-1
Added Net: Name=NetR74_2
Added Pin To Net: NetName=P1.3 Pin=U13-P1.3
Added Pin To Net: NetName=P1.3 Pin=U13-P1.3
Added Net: Name=P1.3
Added Pin To Net: NetName=P1.6 Pin=U13-P1.6
Added Pin To Net: NetName=P1.6 Pin=U13-P1.6
Added Net: Name=P1.6
Added Pin To Net: NetName=P1.7 Pin=U13-P1.7
Added Pin To Net: NetName=P1.7 Pin=U13-P1.7
Added Net: Name=P1.7
Added Pin To Net: NetName=P1.8 Pin=U13-P1.8
Added Pin To Net: NetName=P1.8 Pin=U13-P1.8
Added Net: Name=P1.8
Added Pin To Net: NetName=P1.10 Pin=U13-P1.10
Added Pin To Net: NetName=P1.10 Pin=U13-P1.10
Added Net: Name=P1.10
Added Pin To Net: NetName=P1.11 Pin=U13-P1.11
Added Pin To Net: NetName=P1.11 Pin=U13-P1.11
Added Net: Name=P1.11
Added Pin To Net: NetName=P1.12 Pin=U13-P1.12
Added Pin To Net: NetName=P1.12 Pin=U13-P1.12
Added Net: Name=P1.12
Added Pin To Net: NetName=P1.13 Pin=U13-P1.13
Added Pin To Net: NetName=P1.13 Pin=U13-P1.13
Added Net: Name=P1.13
Added Pin To Net: NetName=P1.14 Pin=U13-P1.14
Added Pin To Net: NetName=P1.14 Pin=U13-P1.14
Added Net: Name=P1.14
Added Pin To Net: NetName=P1.19 Pin=U13-P1.19
Added Pin To Net: NetName=P1.19 Pin=U13-P1.19
Added Net: Name=P1.19
Added Pin To Net: NetName=P1.20 Pin=U13-P1.20
Added Pin To Net: NetName=P1.20 Pin=U13-P1.20
Added Net: Name=P1.20
Added Pin To Net: NetName=P1.21 Pin=U13-P1.21
Added Pin To Net: NetName=P1.21 Pin=U13-P1.21
Added Net: Name=P1.21
Added Pin To Net: NetName=P1.22 Pin=U13-P1.22
Added Pin To Net: NetName=P1.22 Pin=U13-P1.22
Added Net: Name=P1.22
Added Pin To Net: NetName=P1.24 Pin=U13-P1.24
Added Pin To Net: NetName=P1.24 Pin=U13-P1.24
Added Net: Name=P1.24
Added Pin To Net: NetName=P1.25 Pin=U13-P1.25
Added Pin To Net: NetName=P1.25 Pin=U13-P1.25
Added Net: Name=P1.25
Added Pin To Net: NetName=P1.26 Pin=U13-P1.26
Added Pin To Net: NetName=P1.26 Pin=U13-P1.26
Added Net: Name=P1.26
Added Pin To Net: NetName=P1.27 Pin=U13-P1.27
Added Pin To Net: NetName=P1.27 Pin=U13-P1.27
Added Net: Name=P1.27
Added Pin To Net: NetName=P1.28 Pin=U13-P1.28
Added Pin To Net: NetName=P1.28 Pin=U13-P1.28
Added Net: Name=P1.28
Added Pin To Net: NetName=P1.29 Pin=U13-P1.29
Added Pin To Net: NetName=P1.29 Pin=U13-P1.29
Added Net: Name=P1.29
Added Pin To Net: NetName=P1.30 Pin=U13-P1.30
Added Pin To Net: NetName=P1.30 Pin=U13-P1.30
Added Net: Name=P1.30
Added Pin To Net: NetName=P1.31 Pin=U13-P1.31
Added Pin To Net: NetName=P1.31 Pin=U13-P1.31
Added Net: Name=P1.31
Added Pin To Net: NetName=P1.32 Pin=U13-P1.32
Added Pin To Net: NetName=P1.32 Pin=U13-P1.32
Added Net: Name=P1.32
Added Pin To Net: NetName=P1.33 Pin=U13-P1.33
Added Pin To Net: NetName=P1.33 Pin=U13-P1.33
Added Net: Name=P1.33
Added Pin To Net: NetName=P1.34 Pin=U13-P1.34
Added Pin To Net: NetName=P1.34 Pin=U13-P1.34
Added Net: Name=P1.34
Added Pin To Net: NetName=P1.35 Pin=U13-P1.35
Added Pin To Net: NetName=P1.35 Pin=U13-P1.35
Added Net: Name=P1.35
Added Pin To Net: NetName=P1.36 Pin=U13-P1.36
Added Pin To Net: NetName=P1.36 Pin=U13-P1.36
Added Net: Name=P1.36
Added Pin To Net: NetName=P1.37 Pin=U13-P1.37
Added Pin To Net: NetName=P1.37 Pin=U13-P1.37
Added Net: Name=P1.37
Added Pin To Net: NetName=P1.38 Pin=U13-P1.38
Added Pin To Net: NetName=P1.38 Pin=U13-P1.38
Added Net: Name=P1.38
Added Pin To Net: NetName=P1.39 Pin=U13-P1.39
Added Pin To Net: NetName=P1.39 Pin=U13-P1.39
Added Net: Name=P1.39
Added Pin To Net: NetName=P1.40 Pin=U13-P1.40
Added Pin To Net: NetName=P1.40 Pin=U13-P1.40
Added Net: Name=P1.40
Added Pin To Net: NetName=P1.41 Pin=U13-P1.41
Added Pin To Net: NetName=P1.41 Pin=U13-P1.41
Added Net: Name=P1.41
Added Pin To Net: NetName=P1.42 Pin=U13-P1.42
Added Pin To Net: NetName=P1.42 Pin=U13-P1.42
Added Net: Name=P1.42
Added Pin To Net: NetName=P1.43 Pin=U13-P1.43
Added Pin To Net: NetName=P1.43 Pin=U13-P1.43
Added Net: Name=P1.43
Added Pin To Net: NetName=P1.44 Pin=U13-P1.44
Added Pin To Net: NetName=P1.44 Pin=U13-P1.44
Added Net: Name=P1.44
Added Pin To Net: NetName=P1.45 Pin=U13-P1.45
Added Pin To Net: NetName=P1.45 Pin=U13-P1.45
Added Net: Name=P1.45
Added Pin To Net: NetName=P1.46 Pin=U13-P1.46
Added Pin To Net: NetName=P1.46 Pin=U13-P1.46
Added Net: Name=P1.46
Added Pin To Net: NetName=P1.47 Pin=U13-P1.47
Added Pin To Net: NetName=P1.47 Pin=U13-P1.47
Added Net: Name=P1.47
Added Pin To Net: NetName=P1.48 Pin=U13-P1.48
Added Pin To Net: NetName=P1.48 Pin=U13-P1.48
Added Net: Name=P1.48
Added Pin To Net: NetName=P2.5 Pin=U13-P2.5
Added Pin To Net: NetName=P2.5 Pin=U13-P2.5
Added Net: Name=P2.5
Added Pin To Net: NetName=P2.6 Pin=U13-P2.6
Added Pin To Net: NetName=P2.6 Pin=U13-P2.6
Added Net: Name=P2.6
Added Pin To Net: NetName=P2.7 Pin=U13-P2.7
Added Pin To Net: NetName=P2.7 Pin=U13-P2.7
Added Net: Name=P2.7
Added Pin To Net: NetName=P2.8 Pin=U13-P2.8
Added Pin To Net: NetName=P2.8 Pin=U13-P2.8
Added Net: Name=P2.8
Added Pin To Net: NetName=P2.9 Pin=U13-P2.9
Added Pin To Net: NetName=P2.9 Pin=U13-P2.9
Added Net: Name=P2.9
Added Pin To Net: NetName=P2.10 Pin=U13-P2.10
Added Pin To Net: NetName=P2.10 Pin=U13-P2.10
Added Net: Name=P2.10
Added Pin To Net: NetName=P2.11 Pin=U13-P2.11
Added Pin To Net: NetName=P2.11 Pin=U13-P2.11
Added Net: Name=P2.11
Added Pin To Net: NetName=P2.12 Pin=U13-P2.12
Added Pin To Net: NetName=P2.12 Pin=U13-P2.12
Added Net: Name=P2.12
Added Pin To Net: NetName=P2.13 Pin=U13-P2.13
Added Pin To Net: NetName=P2.13 Pin=U13-P2.13
Added Net: Name=P2.13
Added Pin To Net: NetName=P2.14 Pin=U13-P2.14
Added Pin To Net: NetName=P2.14 Pin=U13-P2.14
Added Net: Name=P2.14
Added Pin To Net: NetName=P2.15 Pin=U13-P2.15
Added Pin To Net: NetName=P2.15 Pin=U13-P2.15
Added Net: Name=P2.15
Added Pin To Net: NetName=P2.16 Pin=U13-P2.16
Added Pin To Net: NetName=P2.16 Pin=U13-P2.16
Added Net: Name=P2.16
Added Pin To Net: NetName=P2.17 Pin=U13-P2.17
Added Pin To Net: NetName=P2.17 Pin=U13-P2.17
Added Net: Name=P2.17
Added Pin To Net: NetName=P2.18 Pin=U13-P2.18
Added Pin To Net: NetName=P2.18 Pin=U13-P2.18
Added Net: Name=P2.18
Added Pin To Net: NetName=P2.19 Pin=U13-P2.19
Added Pin To Net: NetName=P2.19 Pin=U13-P2.19
Added Net: Name=P2.19
Added Pin To Net: NetName=P2.20 Pin=U13-P2.20
Added Pin To Net: NetName=P2.20 Pin=U13-P2.20
Added Net: Name=P2.20
Added Pin To Net: NetName=P2.21 Pin=U13-P2.21
Added Pin To Net: NetName=P2.21 Pin=U13-P2.21
Added Net: Name=P2.21
Added Pin To Net: NetName=P2.22 Pin=U13-P2.22
Added Pin To Net: NetName=P2.22 Pin=U13-P2.22
Added Net: Name=P2.22
Added Pin To Net: NetName=P2.24 Pin=U13-P2.24
Added Pin To Net: NetName=P2.24 Pin=U13-P2.24
Added Net: Name=P2.24
Added Pin To Net: NetName=P2.26 Pin=U13-P2.26
Added Pin To Net: NetName=P2.26 Pin=U13-P2.26
Added Net: Name=P2.26
Added Pin To Net: NetName=P2.28 Pin=U13-P2.28
Added Pin To Net: NetName=P2.28 Pin=U13-P2.28
Added Net: Name=P2.28
Added Pin To Net: NetName=P2.30 Pin=U13-P2.30
Added Pin To Net: NetName=P2.30 Pin=U13-P2.30
Added Net: Name=P2.30
Added Pin To Net: NetName=P2.31 Pin=U13-P2.31
Added Pin To Net: NetName=P2.31 Pin=U13-P2.31
Added Net: Name=P2.31
Added Pin To Net: NetName=P2.32 Pin=U13-P2.32
Added Pin To Net: NetName=P2.32 Pin=U13-P2.32
Added Net: Name=P2.32
Added Pin To Net: NetName=P2.33 Pin=U13-P2.33
Added Pin To Net: NetName=P2.33 Pin=U13-P2.33
Added Net: Name=P2.33
Added Pin To Net: NetName=P2.34 Pin=U13-P2.34
Added Pin To Net: NetName=P2.34 Pin=U13-P2.34
Added Net: Name=P2.34
Added Pin To Net: NetName=P2.36 Pin=U13-P2.36
Added Pin To Net: NetName=P2.36 Pin=U13-P2.36
Added Net: Name=P2.36
Added Pin To Net: NetName=P2.39 Pin=U13-P2.39
Added Pin To Net: NetName=P2.39 Pin=U13-P2.39
Added Net: Name=P2.39
Added Pin To Net: NetName=P2.40 Pin=U13-P2.40
Added Pin To Net: NetName=P2.40 Pin=U13-P2.40
Added Net: Name=P2.40
Added Pin To Net: NetName=P2.41 Pin=U13-P2.41
Added Pin To Net: NetName=P2.41 Pin=U13-P2.41
Added Net: Name=P2.41
Added Pin To Net: NetName=P2.42 Pin=U13-P2.42
Added Pin To Net: NetName=P2.42 Pin=U13-P2.42
Added Net: Name=P2.42
Added Pin To Net: NetName=P2.43 Pin=U13-P2.43
Added Pin To Net: NetName=P2.43 Pin=U13-P2.43
Added Net: Name=P2.43
Added Pin To Net: NetName=P2.44 Pin=U13-P2.44
Added Pin To Net: NetName=P2.44 Pin=U13-P2.44
Added Net: Name=P2.44
Added Pin To Net: NetName=P2.45 Pin=U13-P2.45
Added Pin To Net: NetName=P2.45 Pin=U13-P2.45
Added Net: Name=P2.45
Added Pin To Net: NetName=P2.46 Pin=U13-P2.46
Added Pin To Net: NetName=P2.46 Pin=U13-P2.46
Added Net: Name=P2.46
Added Pin To Net: NetName=P2.47 Pin=U13-P2.47
Added Pin To Net: NetName=P2.47 Pin=U13-P2.47
Added Net: Name=P2.47
Added Pin To Net: NetName=PDN Pin=U13-P2.23
Added Pin To Net: NetName=PDN Pin=U13-P2.23
Added Pin To Net: NetName=PDN Pin=U14-21
Added Net: Name=PDN
Added Pin To Net: NetName=SPI1_MISO Pin=CN4-3
Added Pin To Net: NetName=SPI1_MISO Pin=U13-P1.18
Added Pin To Net: NetName=SPI1_MISO Pin=U13-P1.18
Added Net: Name=SPI1_MISO
Added Pin To Net: NetName=SPI1_MOSI Pin=CN4-4
Added Pin To Net: NetName=SPI1_MOSI Pin=U13-P1.17
Added Pin To Net: NetName=SPI1_MOSI Pin=U13-P1.17
Added Net: Name=SPI1_MOSI
Added Pin To Net: NetName=SPI1_SCK Pin=CN4-2
Added Pin To Net: NetName=SPI1_SCK Pin=U13-P1.15
Added Pin To Net: NetName=SPI1_SCK Pin=U13-P1.15
Added Net: Name=SPI1_SCK
Added Pin To Net: NetName=V+ Pin=CN1-1
Added Pin To Net: NetName=V+ Pin=D2-1
Added Net: Name=V+
Added Pin To Net: NetName=V- Pin=CN1-3
Added Pin To Net: NetName=V- Pin=D5-2
Added Net: Name=V-
Added Pin To Net: NetName=VOP_ADC+ Pin=C19-1
Added Pin To Net: NetName=VOP_ADC+ Pin=C20-1
Added Pin To Net: NetName=VOP_ADC+ Pin=C30-1
Added Pin To Net: NetName=VOP_ADC+ Pin=C31-1
Added Pin To Net: NetName=VOP_ADC+ Pin=C52-1
Added Pin To Net: NetName=VOP_ADC+ Pin=C55-1
Added Pin To Net: NetName=VOP_ADC+ Pin=C76-1
Added Pin To Net: NetName=VOP_ADC+ Pin=C79-1
Added Pin To Net: NetName=VOP_ADC+ Pin=R4-1
Added Pin To Net: NetName=VOP_ADC+ Pin=U5-8
Added Pin To Net: NetName=VOP_ADC+ Pin=U6-8
Added Pin To Net: NetName=VOP_ADC+ Pin=U7-8
Added Pin To Net: NetName=VOP_ADC+ Pin=U8-8
Added Pin To Net: NetName=VOP_ADC+ Pin=U9-8
Added Pin To Net: NetName=VOP_ADC+ Pin=U10-8
Added Pin To Net: NetName=VOP_ADC+ Pin=U11-8
Added Pin To Net: NetName=VOP_ADC+ Pin=U12-8
Added Net: Name=VOP_ADC+
Added Pin To Net: NetName=VOP_ADC- Pin=C21-1
Added Pin To Net: NetName=VOP_ADC- Pin=C24-2
Added Pin To Net: NetName=VOP_ADC- Pin=C32-1
Added Pin To Net: NetName=VOP_ADC- Pin=C35-2
Added Pin To Net: NetName=VOP_ADC- Pin=C57-1
Added Pin To Net: NetName=VOP_ADC- Pin=C61-2
Added Pin To Net: NetName=VOP_ADC- Pin=C81-1
Added Pin To Net: NetName=VOP_ADC- Pin=C85-2
Added Pin To Net: NetName=VOP_ADC- Pin=R3-1
Added Pin To Net: NetName=VOP_ADC- Pin=U5-4
Added Pin To Net: NetName=VOP_ADC- Pin=U6-4
Added Pin To Net: NetName=VOP_ADC- Pin=U7-4
Added Pin To Net: NetName=VOP_ADC- Pin=U8-4
Added Pin To Net: NetName=VOP_ADC- Pin=U9-4
Added Pin To Net: NetName=VOP_ADC- Pin=U10-4
Added Pin To Net: NetName=VOP_ADC- Pin=U11-4
Added Pin To Net: NetName=VOP_ADC- Pin=U12-4
Added Net: Name=VOP_ADC-
Added Pin To Net: NetName=VOP_DAC+ Pin=R6-1
Added Net: Name=VOP_DAC+
Added Pin To Net: NetName=VOP_DAC- Pin=R5-1
Added Net: Name=VOP_DAC-
Added Class: Name=Conector de entrada
Added Class: Name=Conector de salida
Added Class: Name=Discovery y AK4621
Added Class: Name=Entrada canal derecho
Added Class: Name=Entrada canal izquierdo
Added Class: Name=Fuentes
Added Class: Name=Ganancia CH derecho
Added Class: Name=Ganancia CH izquierdo
Added Class: Name=Salida canal derecho
Added Class: Name=Salida canal izquierdo
Added Room: Name=Conector de entrada
Added Room: Name=Conector de salida
Added Room: Name=Discovery y AK4621
Added Room: Name=Entrada canal derecho
Added Room: Name=Entrada canal izquierdo
Added Room: Name=Fuentes
Added Room: Name=Ganancia CH derecho
Added Room: Name=Ganancia CH izquierdo
Added Room: Name=Salida canal derecho
Added Room: Name=Salida canal izquierdo
