Removed Pin From Net: NetName=VOP_ADC+ Pin=C52-1
Removed Pin From Net: NetName=VOP_ADC+ Pin=C54-1
Removed Pin From Net: NetName=VOP_ADC- Pin=C56-1
Removed Pin From Net: NetName=VOP_ADC- Pin=C61-2
Removed Pin From Net: NetName=VOP_ADC+ Pin=C76-1
Removed Pin From Net: NetName=VOP_ADC+ Pin=C78-1
Removed Pin From Net: NetName=VOP_ADC- Pin=C80-1
Removed Pin From Net: NetName=VOP_ADC- Pin=C85-2
Removed Pin From Net: NetName=VOP_ADC+ Pin=U4-4
Removed Pin From Net: NetName=VOP_ADC- Pin=U4-11
Removed Pin From Net: NetName=VOP_ADC+ Pin=U11-4
Removed Pin From Net: NetName=VOP_ADC- Pin=U11-11
Added Pin To Net: NetName=VOP_DAC+ Pin=C52-1
Added Pin To Net: NetName=VOP_DAC+ Pin=C54-1
Added Pin To Net: NetName=VOP_DAC- Pin=C56-1
Added Pin To Net: NetName=VOP_DAC- Pin=C61-2
Added Pin To Net: NetName=VOP_DAC+ Pin=C76-1
Added Pin To Net: NetName=VOP_DAC+ Pin=C78-1
Added Pin To Net: NetName=VOP_DAC- Pin=C80-1
Added Pin To Net: NetName=VOP_DAC- Pin=C85-2
Added Pin To Net: NetName=VOP_DAC+ Pin=U4-4
Added Pin To Net: NetName=VOP_DAC- Pin=U4-11
Added Pin To Net: NetName=VOP_DAC+ Pin=U11-4
Added Pin To Net: NetName=VOP_DAC- Pin=U11-11
