Removed Pin From Net: NetName=GROUND Pin=U2-12
Removed Pin From Net: NetName=NetR21_2 Pin=U2-13
Removed Pin From Net: NetName=NetC18_2 Pin=U2-14
Removed Pin From Net: NetName=NetC24_2 Pin=U3-1
Removed Pin From Net: NetName=NetC24_1 Pin=U3-2
Removed Pin From Net: NetName=NetC26_1 Pin=U3-3
Removed Pin From Net: NetName=VOP_ADC- Pin=U3-4
Removed Pin From Net: NetName=NetC55_2 Pin=U3-5
Removed Pin From Net: NetName=NetC55_1 Pin=U3-6
Removed Pin From Net: NetName=NetC51_1 Pin=U3-7
Removed Pin From Net: NetName=NetC40_1 Pin=U3-8
Removed Pin From Net: NetName=NetC43_2 Pin=U3-9
Removed Pin From Net: NetName=NetC43_1 Pin=U3-10
Removed Pin From Net: NetName=VOP_ADC+ Pin=U3-11
Removed Pin From Net: NetName=NetC17_1 Pin=U3-13
Removed Pin From Net: NetName=NetC17_2 Pin=U3-14
Removed Pin From Net: NetName=NetC42_2 Pin=U4-1
Removed Pin From Net: NetName=NetC42_1 Pin=U4-2
Removed Pin From Net: NetName=NetC49_1 Pin=U4-3
Removed Pin From Net: NetName=VOP_ADC+ Pin=U4-4
Removed Pin From Net: NetName=NetC67_1 Pin=U4-5
Removed Pin From Net: NetName=NetC67_2 Pin=U4-6
Removed Pin From Net: NetName=NetC64_1 Pin=U4-7
Removed Pin From Net: NetName=NetC66_2 Pin=U4-8
Removed Pin From Net: NetName=NetC66_1 Pin=U4-9
Removed Pin From Net: NetName=NetC73_1 Pin=U4-10
Removed Pin From Net: NetName=VOP_ADC- Pin=U4-11
Removed Pin From Net: NetName=NetC79_1 Pin=U4-12
Removed Pin From Net: NetName=NetC79_2 Pin=U4-13
Removed Pin From Net: NetName=NetC75_1 Pin=U4-14
Added Pin To Net: NetName=NetC18_2 Pin=U3-1
Added Pin To Net: NetName=NetR21_2 Pin=U3-2
Added Pin To Net: NetName=GROUND Pin=U3-3
Added Pin To Net: NetName=VOP_ADC+ Pin=U3-4
Added Pin To Net: NetName=NetC26_1 Pin=U3-5
Added Pin To Net: NetName=NetC17_1 Pin=U3-6
Added Pin To Net: NetName=NetC17_2 Pin=U3-7
Added Pin To Net: NetName=VOP_ADC- Pin=U3-11
Added Pin To Net: NetName=NetC24_1 Pin=U3-13
Added Pin To Net: NetName=NetC24_2 Pin=U3-14
Added Pin To Net: NetName=NetC40_1 Pin=U4-1
Added Pin To Net: NetName=NetC43_1 Pin=U4-2
Added Pin To Net: NetName=NetC43_2 Pin=U4-3
Added Pin To Net: NetName=VOP_ADC- Pin=U4-4
Added Pin To Net: NetName=NetC42_2 Pin=U4-8
Added Pin To Net: NetName=NetC49_1 Pin=U4-9
Added Pin To Net: NetName=NetC42_1 Pin=U4-10
Added Pin To Net: NetName=VOP_ADC+ Pin=U4-11
Added Pin To Net: NetName=NetC55_2 Pin=U4-12
Added Pin To Net: NetName=NetC55_1 Pin=U4-13
Added Pin To Net: NetName=NetC51_1 Pin=U4-14
