Removed Pin From Net: NetName=NetC18_2 Pin=U2-1
Removed Pin From Net: NetName=NetR21_2 Pin=U2-2
Removed Pin From Net: NetName=GROUND Pin=U2-5
Removed Pin From Net: NetName=NetR35_2 Pin=U2-6
Removed Pin From Net: NetName=NetC29_2 Pin=U2-7
Removed Pin From Net: NetName=NetC28_2 Pin=U2-8
Removed Pin From Net: NetName=NetC28_1 Pin=U2-9
Removed Pin From Net: NetName=NetC37_1 Pin=U2-12
Removed Pin From Net: NetName=NetC35_1 Pin=U2-13
Removed Pin From Net: NetName=NetC35_2 Pin=U2-14
Removed Member From Class: ClassName=Entrada canal izquierdo Member=U2
Added Pin To Net: NetName=NetC29_2 Pin=U2-1
Added Pin To Net: NetName=NetR35_2 Pin=U2-2
Added Pin To Net: NetName=NetC37_1 Pin=U2-5
Added Pin To Net: NetName=NetC28_1 Pin=U2-6
Added Pin To Net: NetName=NetC28_2 Pin=U2-7
Added Pin To Net: NetName=NetC35_2 Pin=U2-8
Added Pin To Net: NetName=NetC35_1 Pin=U2-9
Added Pin To Net: NetName=GROUND Pin=U2-12
Added Pin To Net: NetName=NetR21_2 Pin=U2-13
Added Pin To Net: NetName=NetC18_2 Pin=U2-14
Added Member To Class: ClassName=Entrada canal derecho Member=Component U2 4OPAMP
