Removed Pin From Net: NetName=GROUND Pin=U4-2
Removed Pin From Net: NetName=GROUND Pin=U4-3
Removed Pin From Net: NetName=NetC43_2 Pin=U4-5
Removed Pin From Net: NetName=NetC43_1 Pin=U4-6
Removed Pin From Net: NetName=NetC40_1 Pin=U4-7
Removed Pin From Net: NetName=NetC49_1 Pin=U4-9
Removed Pin From Net: NetName=NetC42_1 Pin=U4-10
Removed Pin From Net: NetName=NetC55_2 Pin=U4-12
Removed Pin From Net: NetName=NetC55_1 Pin=U4-13
Removed Pin From Net: NetName=GROUND Pin=U11-2
Removed Pin From Net: NetName=GROUND Pin=U11-3
Removed Pin From Net: NetName=NetC67_2 Pin=U11-5
Removed Pin From Net: NetName=NetC67_1 Pin=U11-6
Removed Pin From Net: NetName=NetC64_1 Pin=U11-7
Removed Pin From Net: NetName=VOP_ADC+ Pin=U11-11
Removed Pin From Net: NetName=NetC79_2 Pin=U11-12
Removed Pin From Net: NetName=NetC79_1 Pin=U11-13
Added Pin To Net: NetName=NetC40_1 Pin=U4-1
Added Pin To Net: NetName=NetC43_2 Pin=U4-2
Added Pin To Net: NetName=NetC43_1 Pin=U4-3
Added Pin To Net: NetName=GROUND Pin=U4-5
Added Pin To Net: NetName=GROUND Pin=U4-6
Added Pin To Net: NetName=NetC42_1 Pin=U4-9
Added Pin To Net: NetName=NetC49_1 Pin=U4-10
Added Pin To Net: NetName=NetC55_1 Pin=U4-12
Added Pin To Net: NetName=NetC55_2 Pin=U4-13
Added Pin To Net: NetName=NetC64_1 Pin=U11-1
Added Pin To Net: NetName=NetC67_2 Pin=U11-2
Added Pin To Net: NetName=NetC67_1 Pin=U11-3
Added Pin To Net: NetName=GROUND Pin=U11-5
Added Pin To Net: NetName=GROUND Pin=U11-6
Added Pin To Net: NetName=VOP_ADC- Pin=U11-11
Added Pin To Net: NetName=NetC79_1 Pin=U11-12
Added Pin To Net: NetName=NetC79_2 Pin=U11-13
