Removed Pin From Net: NetName=GROUND Pin=U2-5
Removed Pin From Net: NetName=NetR35_2 Pin=U2-6
Removed Pin From Net: NetName=NetC29_2 Pin=U2-7
Removed Pin From Net: NetName=NetC37_1 Pin=U2-12
Removed Pin From Net: NetName=NetC35_1 Pin=U2-13
Removed Pin From Net: NetName=NetC35_2 Pin=U2-14
Removed Pin From Net: NetName=GROUND Pin=U3-5
Removed Pin From Net: NetName=NetR21_2 Pin=U3-6
Removed Pin From Net: NetName=NetC18_2 Pin=U3-7
Removed Pin From Net: NetName=NetC26_1 Pin=U3-12
Removed Pin From Net: NetName=NetC24_1 Pin=U3-13
Removed Pin From Net: NetName=NetC24_2 Pin=U3-14
Added Pin To Net: NetName=NetC37_1 Pin=U2-5
Added Pin To Net: NetName=NetC35_1 Pin=U2-6
Added Pin To Net: NetName=NetC35_2 Pin=U2-7
Added Pin To Net: NetName=GROUND Pin=U2-12
Added Pin To Net: NetName=NetR35_2 Pin=U2-13
Added Pin To Net: NetName=NetC29_2 Pin=U2-14
Added Pin To Net: NetName=NetC26_1 Pin=U3-5
Added Pin To Net: NetName=NetC24_1 Pin=U3-6
Added Pin To Net: NetName=NetC24_2 Pin=U3-7
Added Pin To Net: NetName=GROUND Pin=U3-12
Added Pin To Net: NetName=NetR21_2 Pin=U3-13
Added Pin To Net: NetName=NetC18_2 Pin=U3-14
Added Pin To Net: NetName=VOP_ADC- Pin=U4-4
Added Pin To Net: NetName=VOP_ADC+ Pin=U4-11
Added Pin To Net: NetName=VOP_ADC- Pin=U11-4
Added Pin To Net: NetName=VOP_ADC- Pin=U11-11
Added Room: Name=Ganancia CH derecho
Added Room: Name=Ganancia CH izquierdo
